# JRE version: Java(TM) SE Runtime Environment (8.0_31-b13) (build 1.8.0_31-b13)
# Java VM: Java HotSpot(TM) 64-Bit Server VM (25.31-b07 mixed mode linux-amd64 compressed oops)
Heap:
 PSYoungGen      total 115200K, used 928K [0x00000000f5900000, 0x00000000fcd00000, 0x0000000100000000)
  eden space 111616K, 0% used [0x00000000f5900000,0x00000000f5900000,0x00000000fc600000)
  from space 3584K, 25% used [0x00000000fc600000,0x00000000fc6e8000,0x00000000fc980000)
  to   space 3584K, 0% used [0x00000000fc980000,0x00000000fc980000,0x00000000fcd00000)
 ParOldGen       total 22016K, used 11464K [0x00000000e0a00000, 0x00000000e1f80000, 0x00000000f5900000)
  object space 22016K, 52% used [0x00000000e0a00000,0x00000000e1532080,0x00000000e1f80000)
 Metaspace       used 17472K, capacity 20177K, committed 20480K, reserved 1064960K
  class space    used 3889K, capacity 4751K, committed 4864K, reserved 1048576K
GC Heap History (10 events):
Event: 2.369 GC heap after
Heap after GC invocations=6 (full 0):
 PSYoungGen      total 37888K, used 3067K [0x00000000f5900000, 0x00000000f8100000, 0x0000000100000000)
  eden space 34816K, 0% used [0x00000000f5900000,0x00000000f5900000,0x00000000f7b00000)
  from space 3072K, 99% used [0x00000000f7e00000,0x00000000f80fee48,0x00000000f8100000)
  to   space 3072K, 0% used [0x00000000f7b00000,0x00000000f7b00000,0x00000000f7e00000)
 ParOldGen       total 22016K, used 5893K [0x00000000e0a00000, 0x00000000e1f80000, 0x00000000f5900000)
  object space 22016K, 26% used [0x00000000e0a00000,0x00000000e0fc1758,0x00000000e1f80000)
 Metaspace       used 12479K, capacity 12687K, committed 12928K, reserved 1060864K
  class space    used 2276K, capacity 2309K, committed 2432K, reserved 1048576K
}
Event: 3.204 GC heap before
{Heap before GC invocations=7 (full 0):
 PSYoungGen      total 37888K, used 37883K [0x00000000f5900000, 0x00000000f8100000, 0x0000000100000000)
  eden space 34816K, 100% used [0x00000000f5900000,0x00000000f7b00000,0x00000000f7b00000)
  from space 3072K, 99% used [0x00000000f7e00000,0x00000000f80fee48,0x00000000f8100000)
  to   space 3072K, 0% used [0x00000000f7b00000,0x00000000f7b00000,0x00000000f7e00000)
 ParOldGen       total 22016K, used 5893K [0x00000000e0a00000, 0x00000000e1f80000, 0x00000000f5900000)
  object space 22016K, 26% used [0x00000000e0a00000,0x00000000e0fc1758,0x00000000e1f80000)
 Metaspace       used 13472K, capacity 13859K, committed 13952K, reserved 1060864K
  class space    used 2541K, capacity 2641K, committed 2688K, reserved 1048576K
Event: 3.428 GC heap after
Heap after GC invocations=7 (full 0):
 PSYoungGen      total 37888K, used 2937K [0x00000000f5900000, 0x00000000fa400000, 0x0000000100000000)
  eden space 34816K, 0% used [0x00000000f5900000,0x00000000f5900000,0x00000000f7b00000)
  from space 3072K, 95% used [0x00000000f7b00000,0x00000000f7dde758,0x00000000f7e00000)
  to   space 3584K, 0% used [0x00000000fa080000,0x00000000fa080000,0x00000000fa400000)
 ParOldGen       total 22016K, used 6464K [0x00000000e0a00000, 0x00000000e1f80000, 0x00000000f5900000)
  object space 22016K, 29% used [0x00000000e0a00000,0x00000000e1050310,0x00000000e1f80000)
 Metaspace       used 13472K, capacity 13859K, committed 13952K, reserved 1060864K
  class space    used 2541K, capacity 2641K, committed 2688K, reserved 1048576K
}
Event: 3.831 GC heap before
{Heap before GC invocations=8 (full 0):
 PSYoungGen      total 37888K, used 37753K [0x00000000f5900000, 0x00000000fa400000, 0x0000000100000000)
  eden space 34816K, 100% used [0x00000000f5900000,0x00000000f7b00000,0x00000000f7b00000)
  from space 3072K, 95% used [0x00000000f7b00000,0x00000000f7dde758,0x00000000f7e00000)
  to   space 3584K, 0% used [0x00000000fa080000,0x00000000fa080000,0x00000000fa400000)
 ParOldGen       total 22016K, used 6464K [0x00000000e0a00000, 0x00000000e1f80000, 0x00000000f5900000)
  object space 22016K, 29% used [0x00000000e0a00000,0x00000000e1050310,0x00000000e1f80000)
 Metaspace       used 14202K, capacity 14957K, committed 15232K, reserved 1060864K
  class space    used 2811K, capacity 3075K, committed 3200K, reserved 1048576K
Event: 3.837 GC heap after
Heap after GC invocations=8 (full 0):
 PSYoungGen      total 73216K, used 2832K [0x00000000f5900000, 0x00000000fa400000, 0x0000000100000000)
  eden space 69632K, 0% used [0x00000000f5900000,0x00000000f5900000,0x00000000f9d00000)
  from space 3584K, 79% used [0x00000000fa080000,0x00000000fa344030,0x00000000fa400000)
  to   space 3584K, 0% used [0x00000000f9d00000,0x00000000f9d00000,0x00000000fa080000)
 ParOldGen       total 22016K, used 6672K [0x00000000e0a00000, 0x00000000e1f80000, 0x00000000f5900000)
  object space 22016K, 30% used [0x00000000e0a00000,0x00000000e1084168,0x00000000e1f80000)
 Metaspace       used 14202K, capacity 14957K, committed 15232K, reserved 1060864K
  class space    used 2811K, capacity 3075K, committed 3200K, reserved 1048576K
}
Event: 4.670 GC heap before
{Heap before GC invocations=9 (full 0):
 PSYoungGen      total 73216K, used 72464K [0x00000000f5900000, 0x00000000fa400000, 0x0000000100000000)
  eden space 69632K, 100% used [0x00000000f5900000,0x00000000f9d00000,0x00000000f9d00000)
  from space 3584K, 79% used [0x00000000fa080000,0x00000000fa344030,0x00000000fa400000)
  to   space 3584K, 0% used [0x00000000f9d00000,0x00000000f9d00000,0x00000000fa080000)
 ParOldGen       total 22016K, used 6672K [0x00000000e0a00000, 0x00000000e1f80000, 0x00000000f5900000)
  object space 22016K, 30% used [0x00000000e0a00000,0x00000000e1084168,0x00000000e1f80000)
 Metaspace       used 15451K, capacity 16871K, committed 17152K, reserved 1062912K
  class space    used 3270K, capacity 3761K, committed 3840K, reserved 1048576K
Event: 4.679 GC heap after
Heap after GC invocations=9 (full 0):
 PSYoungGen      total 73216K, used 2848K [0x00000000f5900000, 0x00000000fcd00000, 0x0000000100000000)
  eden space 69632K, 0% used [0x00000000f5900000,0x00000000f5900000,0x00000000f9d00000)
  from space 3584K, 79% used [0x00000000f9d00000,0x00000000f9fc8020,0x00000000fa080000)
  to   space 3584K, 0% used [0x00000000fc980000,0x00000000fc980000,0x00000000fcd00000)
 ParOldGen       total 22016K, used 8029K [0x00000000e0a00000, 0x00000000e1f80000, 0x00000000f5900000)
  object space 22016K, 36% used [0x00000000e0a00000,0x00000000e11d7640,0x00000000e1f80000)
 Metaspace       used 15451K, capacity 16871K, committed 17152K, reserved 1062912K
  class space    used 3270K, capacity 3761K, committed 3840K, reserved 1048576K
}
Event: 5.347 GC heap before
{Heap before GC invocations=10 (full 0):
 PSYoungGen      total 73216K, used 72480K [0x00000000f5900000, 0x00000000fcd00000, 0x0000000100000000)
  eden space 69632K, 100% used [0x00000000f5900000,0x00000000f9d00000,0x00000000f9d00000)
  from space 3584K, 79% used [0x00000000f9d00000,0x00000000f9fc8020,0x00000000fa080000)
  to   space 3584K, 0% used [0x00000000fc980000,0x00000000fc980000,0x00000000fcd00000)
 ParOldGen       total 22016K, used 8029K [0x00000000e0a00000, 0x00000000e1f80000, 0x00000000f5900000)
  object space 22016K, 36% used [0x00000000e0a00000,0x00000000e11d7640,0x00000000e1f80000)
 Metaspace       used 16419K, capacity 18439K, committed 18688K, reserved 1062912K
  class space    used 3575K, capacity 4225K, committed 4352K, reserved 1048576K
Event: 5.354 GC heap after
Heap after GC invocations=10 (full 0):
 PSYoungGen      total 115200K, used 2640K [0x00000000f5900000, 0x00000000fcd00000, 0x0000000100000000)
  eden space 111616K, 0% used [0x00000000f5900000,0x00000000f5900000,0x00000000fc600000)
  from space 3584K, 73% used [0x00000000fc980000,0x00000000fcc143e8,0x00000000fcd00000)
  to   space 3584K, 0% used [0x00000000fc600000,0x00000000fc600000,0x00000000fc980000)
 ParOldGen       total 22016K, used 9213K [0x00000000e0a00000, 0x00000000e1f80000, 0x00000000f5900000)
  object space 22016K, 41% used [0x00000000e0a00000,0x00000000e12ff640,0x00000000e1f80000)
 Metaspace       used 16419K, capacity 18439K, committed 18688K, reserved 1062912K
  class space    used 3575K, capacity 4225K, committed 4352K, reserved 1048576K
}
Event: 42.771 GC heap before
{Heap before GC invocations=11 (full 0):
 PSYoungGen      total 115200K, used 114256K [0x00000000f5900000, 0x00000000fcd00000, 0x0000000100000000)
  eden space 111616K, 100% used [0x00000000f5900000,0x00000000fc600000,0x00000000fc600000)
  from space 3584K, 73% used [0x00000000fc980000,0x00000000fcc143e8,0x00000000fcd00000)
  to   space 3584K, 0% used [0x00000000fc600000,0x00000000fc600000,0x00000000fc980000)
 ParOldGen       total 22016K, used 9213K [0x00000000e0a00000, 0x00000000e1f80000, 0x00000000f5900000)
  object space 22016K, 41% used [0x00000000e0a00000,0x00000000e12ff640,0x00000000e1f80000)
 Metaspace       used 17472K, capacity 20177K, committed 20480K, reserved 1064960K
  class space    used 3889K, capacity 4751K, committed 4864K, reserved 1048576K

